# Logfile created on Wed Jun 09 06:17:19 +0900 2010 by logger.rb/22285
I, [2010-06-09T06:36:24.957114 #1287]  INFO -- : (0.000640s) SET standard_conforming_strings = ON
I, [2010-06-09T06:36:24.957625 #1287]  INFO -- : (0.000292s) SET client_min_messages = 'WARNING'
I, [2010-06-09T06:36:24.958041 #1287]  INFO -- : (0.000291s) SET DateStyle = 'ISO'
I, [2010-06-09T06:36:25.610076 #1287]  INFO -- : (0.651873s) select bid, nxts, pres from cc_getBids(1, 3);
I, [2010-06-09T06:36:25.707404 #1287]  INFO -- : (0.096388s) select bid, nxts, pres from cc_getBids(1, 3);
I, [2010-06-09T06:36:25.861068 #1287]  INFO -- : (0.152554s) select * from boards where bid in ( 1,2,916,1142,1506,3,235,921,1447,1143,1511,1629,4,368,2260,2722,5234,7518,232,626,1026,2090,918,5834,1144,1508 );
I, [2010-06-09T06:36:25.874690 #1287]  INFO -- : (0.011049s) select * from moves where bid in ( 1,2,916,1142,1506,3,235,921,1447,1143,1511,1629,4,368,2260,2722,5234,7518,232,626,1026,2090,918,5834,1144,1508 ) order by mid;
I, [2010-06-09T06:36:25.888246 #1287]  INFO -- : (0.008821s) select * from moves where nxt_bid in ( 1,2,916,1142,1506,3,235,921,1447,1143,1511,1629,4,368,2260,2722,5234,7518,232,626,1026,2090,918,5834,1144,1508 );
I, [2010-06-09T10:08:38.050449 #1287]  INFO -- : (0.131113s) select bid, nxts, pres from cc_getBids(1, 3);
I, [2010-06-09T10:08:38.161528 #1287]  INFO -- : (0.110182s) select bid, nxts, pres from cc_getBids(1, 3);
I, [2010-06-09T10:08:38.163606 #1287]  INFO -- : (0.000937s) select * from boards where bid in ( 1,2,916,1142,1506,3,235,921,1447,1143,1511,1629,4,368,2260,2722,5234,7518,232,626,1026,2090,918,5834,1144,1508 );
I, [2010-06-09T10:08:38.166007 #1287]  INFO -- : (0.000935s) select * from moves where bid in ( 1,2,916,1142,1506,3,235,921,1447,1143,1511,1629,4,368,2260,2722,5234,7518,232,626,1026,2090,918,5834,1144,1508 ) order by mid;
I, [2010-06-09T10:08:38.174351 #1287]  INFO -- : (0.005407s) select * from moves where nxt_bid in ( 1,2,916,1142,1506,3,235,921,1447,1143,1511,1629,4,368,2260,2722,5234,7518,232,626,1026,2090,918,5834,1144,1508 );
I, [2010-06-09T17:49:48.090403 #1287]  INFO -- : (0.164445s) select bid, nxts, pres from cc_getBids(1, 3);
I, [2010-06-09T17:49:48.187657 #1287]  INFO -- : (0.096186s) select bid, nxts, pres from cc_getBids(1, 3);
I, [2010-06-09T17:49:48.189982 #1287]  INFO -- : (0.000828s) select * from boards where bid in ( 1,2,916,1142,1506,3,235,921,1447,1143,1511,1629,4,368,2260,2722,5234,7518,232,626,1026,2090,918,5834,1144,1508 );
I, [2010-06-09T17:49:48.192723 #1287]  INFO -- : (0.001280s) select * from moves where bid in ( 1,2,916,1142,1506,3,235,921,1447,1143,1511,1629,4,368,2260,2722,5234,7518,232,626,1026,2090,918,5834,1144,1508 ) order by mid;
I, [2010-06-09T17:49:48.226935 #1287]  INFO -- : (0.005056s) select * from moves where nxt_bid in ( 1,2,916,1142,1506,3,235,921,1447,1143,1511,1629,4,368,2260,2722,5234,7518,232,626,1026,2090,918,5834,1144,1508 );
I, [2010-06-09T17:59:20.184060 #1287]  INFO -- : (0.145411s) select bid, nxts, pres from cc_getBids(1, 3);
I, [2010-06-09T17:59:20.284683 #1287]  INFO -- : (0.099822s) select bid, nxts, pres from cc_getBids(1, 3);
I, [2010-06-09T17:59:20.286023 #1287]  INFO -- : (0.000543s) select * from boards where bid in ( 1,2,916,1142,1506,3,235,921,1447,1143,1511,1629,4,368,2260,2722,5234,7518,232,626,1026,2090,918,5834,1144,1508 );
I, [2010-06-09T17:59:20.287686 #1287]  INFO -- : (0.000751s) select * from moves where bid in ( 1,2,916,1142,1506,3,235,921,1447,1143,1511,1629,4,368,2260,2722,5234,7518,232,626,1026,2090,918,5834,1144,1508 ) order by mid;
I, [2010-06-09T17:59:20.294946 #1287]  INFO -- : (0.004985s) select * from moves where nxt_bid in ( 1,2,916,1142,1506,3,235,921,1447,1143,1511,1629,4,368,2260,2722,5234,7518,232,626,1026,2090,918,5834,1144,1508 );
I, [2010-06-09T17:59:47.708672 #1287]  INFO -- : (0.099548s) select bid, nxts, pres from cc_getBids(1, 3);
I, [2010-06-09T17:59:47.806487 #1287]  INFO -- : (0.097118s) select bid, nxts, pres from cc_getBids(1, 3);
I, [2010-06-09T17:59:47.807786 #1287]  INFO -- : (0.000604s) select * from boards where bid in ( 1,2,916,1142,1506,3,235,921,1447,1143,1511,1629,4,368,2260,2722,5234,7518,232,626,1026,2090,918,5834,1144,1508 );
I, [2010-06-09T17:59:47.809699 #1287]  INFO -- : (0.000984s) select * from moves where bid in ( 1,2,916,1142,1506,3,235,921,1447,1143,1511,1629,4,368,2260,2722,5234,7518,232,626,1026,2090,918,5834,1144,1508 ) order by mid;
I, [2010-06-09T17:59:47.816400 #1287]  INFO -- : (0.004805s) select * from moves where nxt_bid in ( 1,2,916,1142,1506,3,235,921,1447,1143,1511,1629,4,368,2260,2722,5234,7518,232,626,1026,2090,918,5834,1144,1508 );
I, [2010-06-09T18:45:52.782971 #1287]  INFO -- : (0.131278s) select bid, nxts, pres from cc_getBids(1, 3);
I, [2010-06-09T18:45:52.898173 #1287]  INFO -- : (0.114319s) select bid, nxts, pres from cc_getBids(1, 3);
I, [2010-06-09T18:45:52.900091 #1287]  INFO -- : (0.000887s) select * from boards where bid in ( 1,2,916,1142,1506,3,235,921,1447,1143,1511,1629,4,368,2260,2722,5234,7518,232,626,1026,2090,918,5834,1144,1508 );
I, [2010-06-09T18:45:52.902207 #1287]  INFO -- : (0.000954s) select * from moves where bid in ( 1,2,916,1142,1506,3,235,921,1447,1143,1511,1629,4,368,2260,2722,5234,7518,232,626,1026,2090,918,5834,1144,1508 ) order by mid;
I, [2010-06-09T18:45:52.910471 #1287]  INFO -- : (0.005183s) select * from moves where nxt_bid in ( 1,2,916,1142,1506,3,235,921,1447,1143,1511,1629,4,368,2260,2722,5234,7518,232,626,1026,2090,918,5834,1144,1508 );
I, [2010-06-09T18:46:06.634271 #1287]  INFO -- : (0.100018s) select bid, nxts, pres from cc_getBids(1, 3);
I, [2010-06-09T18:46:06.733705 #1287]  INFO -- : (0.098674s) select bid, nxts, pres from cc_getBids(1, 3);
I, [2010-06-09T18:46:06.735200 #1287]  INFO -- : (0.000554s) select * from boards where bid in ( 1,2,916,1142,1506,3,235,921,1447,1143,1511,1629,4,368,2260,2722,5234,7518,232,626,1026,2090,918,5834,1144,1508 );
I, [2010-06-09T18:46:06.760984 #1287]  INFO -- : (0.000974s) select * from moves where bid in ( 1,2,916,1142,1506,3,235,921,1447,1143,1511,1629,4,368,2260,2722,5234,7518,232,626,1026,2090,918,5834,1144,1508 ) order by mid;
I, [2010-06-09T18:46:06.768132 #1287]  INFO -- : (0.005141s) select * from moves where nxt_bid in ( 1,2,916,1142,1506,3,235,921,1447,1143,1511,1629,4,368,2260,2722,5234,7518,232,626,1026,2090,918,5834,1144,1508 );
I, [2010-06-09T18:46:16.277031 #1287]  INFO -- : (0.134413s) select bid, nxts, pres from cc_getBids(5, 3);
I, [2010-06-09T18:46:16.410778 #1287]  INFO -- : (0.132890s) select bid, nxts, pres from cc_getBids(5, 3);
I, [2010-06-09T18:46:16.476030 #1287]  INFO -- : (0.064353s) select * from boards where bid in ( 5,6,10090,4,7,129,4883,10099,461,865,1449,1889,3835,3,1447,8,128,1028,4862,10092,458,3628,862,5326,1444,7316,1878,3818,368,2260,2722,5234,7518,2,5834,916 );
I, [2010-06-09T18:46:16.479487 #1287]  INFO -- : (0.001598s) select * from moves where bid in ( 5,6,10090,4,7,129,4883,10099,461,865,1449,1889,3835,3,1447,8,128,1028,4862,10092,458,3628,862,5326,1444,7316,1878,3818,368,2260,2722,5234,7518,2,5834,916 ) order by mid;
I, [2010-06-09T18:46:16.493265 #1287]  INFO -- : (0.009744s) select * from moves where nxt_bid in ( 5,6,10090,4,7,129,4883,10099,461,865,1449,1889,3835,3,1447,8,128,1028,4862,10092,458,3628,862,5326,1444,7316,1878,3818,368,2260,2722,5234,7518,2,5834,916 );
I, [2010-06-09T18:46:27.064735 #1287]  INFO -- : (0.028828s) select bid, nxts, pres from cc_getBids(9, 3);
I, [2010-06-09T18:46:27.092233 #1287]  INFO -- : (0.026954s) select bid, nxts, pres from cc_getBids(9, 3);
I, [2010-06-09T18:46:27.093164 #1287]  INFO -- : (0.000446s) select * from boards where bid in ( 9,10,8,11,7,12,6 );
I, [2010-06-09T18:46:27.094096 #1287]  INFO -- : (0.000456s) select * from moves where bid in ( 9,10,8,11,7,12,6 ) order by mid;
I, [2010-06-09T18:46:27.097547 #1287]  INFO -- : (0.002873s) select * from moves where nxt_bid in ( 9,10,8,11,7,12,6 );
I, [2010-06-09T18:46:32.188158 #1287]  INFO -- : (0.029188s) select bid, nxts, pres from cc_getBids(13, 3);
I, [2010-06-09T18:46:32.219529 #1287]  INFO -- : (0.030853s) select bid, nxts, pres from cc_getBids(13, 3);
I, [2010-06-09T18:46:32.220479 #1287]  INFO -- : (0.000446s) select * from boards where bid in ( 13,14,12,15,11,16,10 );
I, [2010-06-09T18:46:32.221382 #1287]  INFO -- : (0.000428s) select * from moves where bid in ( 13,14,12,15,11,16,10 ) order by mid;
I, [2010-06-09T18:46:32.225192 #1287]  INFO -- : (0.003081s) select * from moves where nxt_bid in ( 13,14,12,15,11,16,10 );
I, [2010-06-09T18:46:36.549791 #1287]  INFO -- : (0.030233s) select bid, nxts, pres from cc_getBids(17, 3);
I, [2010-06-09T18:46:36.576897 #1287]  INFO -- : (0.026576s) select bid, nxts, pres from cc_getBids(17, 3);
I, [2010-06-09T18:46:36.577802 #1287]  INFO -- : (0.000431s) select * from boards where bid in ( 17,18,16,19,15,20,14 );
I, [2010-06-09T18:46:36.578686 #1287]  INFO -- : (0.000425s) select * from moves where bid in ( 17,18,16,19,15,20,14 ) order by mid;
I, [2010-06-09T18:46:36.582107 #1287]  INFO -- : (0.002896s) select * from moves where nxt_bid in ( 17,18,16,19,15,20,14 );
I, [2010-06-09T18:46:40.192038 #1287]  INFO -- : (0.030093s) select bid, nxts, pres from cc_getBids(21, 3);
I, [2010-06-09T18:46:40.218645 #1287]  INFO -- : (0.026090s) select bid, nxts, pres from cc_getBids(21, 3);
I, [2010-06-09T18:46:40.219577 #1287]  INFO -- : (0.000437s) select * from boards where bid in ( 21,22,20,23,19,24,18 );
I, [2010-06-09T18:46:40.220455 #1287]  INFO -- : (0.000440s) select * from moves where bid in ( 21,22,20,23,19,24,18 ) order by mid;
I, [2010-06-09T18:46:40.223956 #1287]  INFO -- : (0.002914s) select * from moves where nxt_bid in ( 21,22,20,23,19,24,18 );
I, [2010-06-09T18:46:50.539141 #1287]  INFO -- : (0.031043s) select bid, nxts, pres from cc_getBids(25, 3);
I, [2010-06-09T18:46:50.567043 #1287]  INFO -- : (0.027293s) select bid, nxts, pres from cc_getBids(25, 3);
I, [2010-06-09T18:46:50.568143 #1287]  INFO -- : (0.000466s) select * from boards where bid in ( 25,26,24,27,23,28,22 );
I, [2010-06-09T18:46:50.569012 #1287]  INFO -- : (0.000428s) select * from moves where bid in ( 25,26,24,27,23,28,22 ) order by mid;
I, [2010-06-09T18:46:50.572428 #1287]  INFO -- : (0.002914s) select * from moves where nxt_bid in ( 25,26,24,27,23,28,22 );
I, [2010-06-09T18:46:54.521598 #1287]  INFO -- : (0.029110s) select bid, nxts, pres from cc_getBids(29, 3);
I, [2010-06-09T18:46:54.548173 #1287]  INFO -- : (0.026063s) select bid, nxts, pres from cc_getBids(29, 3);
I, [2010-06-09T18:46:54.549075 #1287]  INFO -- : (0.000435s) select * from boards where bid in ( 29,30,28,31,27,32,26 );
I, [2010-06-09T18:46:54.549951 #1287]  INFO -- : (0.000430s) select * from moves where bid in ( 29,30,28,31,27,32,26 ) order by mid;
I, [2010-06-09T18:46:54.553318 #1287]  INFO -- : (0.002873s) select * from moves where nxt_bid in ( 29,30,28,31,27,32,26 );
I, [2010-06-09T18:46:58.069885 #1287]  INFO -- : (0.030328s) select bid, nxts, pres from cc_getBids(33, 3);
I, [2010-06-09T18:46:58.098008 #1287]  INFO -- : (0.027615s) select bid, nxts, pres from cc_getBids(33, 3);
I, [2010-06-09T18:46:58.098884 #1287]  INFO -- : (0.000425s) select * from boards where bid in ( 33,34,32,35,31,36,30 );
I, [2010-06-09T18:46:58.099730 #1287]  INFO -- : (0.000418s) select * from moves where bid in ( 33,34,32,35,31,36,30 ) order by mid;
I, [2010-06-09T18:46:58.103259 #1287]  INFO -- : (0.002975s) select * from moves where nxt_bid in ( 33,34,32,35,31,36,30 );
I, [2010-06-09T18:47:01.136702 #1287]  INFO -- : (0.030625s) select bid, nxts, pres from cc_getBids(37, 3);
I, [2010-06-09T18:47:01.164523 #1287]  INFO -- : (0.027270s) select bid, nxts, pres from cc_getBids(37, 3);
I, [2010-06-09T18:47:01.165402 #1287]  INFO -- : (0.000428s) select * from boards where bid in ( 37,38,36,39,35,40,34 );
I, [2010-06-09T18:47:01.166511 #1287]  INFO -- : (0.000519s) select * from moves where bid in ( 37,38,36,39,35,40,34 ) order by mid;
I, [2010-06-09T18:47:01.170044 #1287]  INFO -- : (0.002971s) select * from moves where nxt_bid in ( 37,38,36,39,35,40,34 );
I, [2010-06-09T18:47:54.678447 #1287]  INFO -- : (0.060667s) select bid, nxts, pres from cc_getBids(1631, 3);
I, [2010-06-09T18:47:54.734749 #1287]  INFO -- : (0.055727s) select bid, nxts, pres from cc_getBids(1631, 3);
I, [2010-06-09T18:47:54.745217 #1287]  INFO -- : (0.009890s) select * from boards where bid in ( 1631,1624,232,1633,237,235,1629,1626,9968,234,626,1026,2090,2,1506 );
I, [2010-06-09T18:47:54.747089 #1287]  INFO -- : (0.000952s) select * from moves where bid in ( 1631,1624,232,1633,237,235,1629,1626,9968,234,626,1026,2090,2,1506 ) order by mid;
I, [2010-06-09T18:47:54.755023 #1287]  INFO -- : (0.006395s) select * from moves where nxt_bid in ( 1631,1624,232,1633,237,235,1629,1626,9968,234,626,1026,2090,2,1506 );
I, [2010-06-09T19:19:32.846031 #1287]  INFO -- : (0.140535s) select bid, nxts, pres from cc_getBids(1, 3);
I, [2010-06-09T19:19:32.947838 #1287]  INFO -- : (0.101041s) select bid, nxts, pres from cc_getBids(1, 3);
I, [2010-06-09T19:19:32.949624 #1287]  INFO -- : (0.000804s) select * from boards where bid in ( 1,2,916,1142,1506,3,235,921,1447,1143,1511,1629,4,368,2260,2722,5234,7518,232,626,1026,2090,918,5834,1144,1508 );
I, [2010-06-09T19:19:32.951428 #1287]  INFO -- : (0.000869s) select * from moves where bid in ( 1,2,916,1142,1506,3,235,921,1447,1143,1511,1629,4,368,2260,2722,5234,7518,232,626,1026,2090,918,5834,1144,1508 ) order by mid;
I, [2010-06-09T19:19:32.958351 #1287]  INFO -- : (0.004880s) select * from moves where nxt_bid in ( 1,2,916,1142,1506,3,235,921,1447,1143,1511,1629,4,368,2260,2722,5234,7518,232,626,1026,2090,918,5834,1144,1508 );
I, [2010-06-09T19:19:44.716773 #1287]  INFO -- : (0.099219s) select bid, nxts, pres from cc_getBids(1, 3);
I, [2010-06-09T19:19:44.811857 #1287]  INFO -- : (0.094359s) select bid, nxts, pres from cc_getBids(1, 3);
I, [2010-06-09T19:19:44.813143 #1287]  INFO -- : (0.000573s) select * from boards where bid in ( 1,2,916,1142,1506,3,235,921,1447,1143,1511,1629,4,368,2260,2722,5234,7518,232,626,1026,2090,918,5834,1144,1508 );
I, [2010-06-09T19:19:44.814912 #1287]  INFO -- : (0.000755s) select * from moves where bid in ( 1,2,916,1142,1506,3,235,921,1447,1143,1511,1629,4,368,2260,2722,5234,7518,232,626,1026,2090,918,5834,1144,1508 ) order by mid;
I, [2010-06-09T19:19:44.846980 #1287]  INFO -- : (0.004912s) select * from moves where nxt_bid in ( 1,2,916,1142,1506,3,235,921,1447,1143,1511,1629,4,368,2260,2722,5234,7518,232,626,1026,2090,918,5834,1144,1508 );
I, [2010-06-09T19:19:51.393649 #1287]  INFO -- : (0.135662s) select bid, nxts, pres from cc_getBids(5, 3);
I, [2010-06-09T19:19:51.525422 #1287]  INFO -- : (0.130843s) select bid, nxts, pres from cc_getBids(5, 3);
I, [2010-06-09T19:19:51.527232 #1287]  INFO -- : (0.000866s) select * from boards where bid in ( 5,6,10090,4,7,129,4883,10099,461,865,1449,1889,3835,3,1447,8,128,1028,4862,10092,458,3628,862,5326,1444,7316,1878,3818,368,2260,2722,5234,7518,2,5834,916 );
I, [2010-06-09T19:19:51.530198 #1287]  INFO -- : (0.001806s) select * from moves where bid in ( 5,6,10090,4,7,129,4883,10099,461,865,1449,1889,3835,3,1447,8,128,1028,4862,10092,458,3628,862,5326,1444,7316,1878,3818,368,2260,2722,5234,7518,2,5834,916 ) order by mid;
I, [2010-06-09T19:19:51.538485 #1287]  INFO -- : (0.005857s) select * from moves where nxt_bid in ( 5,6,10090,4,7,129,4883,10099,461,865,1449,1889,3835,3,1447,8,128,1028,4862,10092,458,3628,862,5326,1444,7316,1878,3818,368,2260,2722,5234,7518,2,5834,916 );
I, [2010-06-09T19:19:56.641463 #1287]  INFO -- : (0.028742s) select bid, nxts, pres from cc_getBids(9, 3);
I, [2010-06-09T19:19:56.668807 #1287]  INFO -- : (0.026721s) select bid, nxts, pres from cc_getBids(9, 3);
I, [2010-06-09T19:19:56.669830 #1287]  INFO -- : (0.000439s) select * from boards where bid in ( 9,10,8,11,7,12,6 );
I, [2010-06-09T19:19:56.670727 #1287]  INFO -- : (0.000433s) select * from moves where bid in ( 9,10,8,11,7,12,6 ) order by mid;
I, [2010-06-09T19:19:56.674310 #1287]  INFO -- : (0.002997s) select * from moves where nxt_bid in ( 9,10,8,11,7,12,6 );
